<?xml version="1.0" encoding="UTF-8"?>
<!-- Generated by org.testng.reporters.JUnitXMLReporter -->
<testsuite hostname="HP_WhitePearl" name="Test" tests="1" failures="1" timestamp="14 Jan 2020 18:22:57 GMT" time="39.24" errors="0">
  <testcase name="login1" time="18.488" classname="Test.FacebookTest">
    <failure type="java.lang.AssertionError" message="expected [true] but found [false]">
      <![CDATA[java.lang.AssertionError: expected [true] but found [false]
	at Test.FacebookTest.login1(FacebookTest.java:33)
... Removed 28 stack frames]]>
    </failure>
  </testcase> <!-- login1 -->
</testsuite> <!-- Test -->
