<?xml version="1.0" encoding="UTF-8"?>
<testng-results skipped="2" failed="0" total="2" passed="0">
  <reporter-output>
  </reporter-output>
  <suite name="Command line suite" duration-ms="14845" started-at="2021-02-01T15:33:32Z" finished-at="2021-02-01T15:33:47Z">
    <groups>
    </groups>
    <test name="Command line test" duration-ms="14845" started-at="2021-02-01T15:33:32Z" finished-at="2021-02-01T15:33:47Z">
      <class name="Test.FacebookTest">
        <test-method status="PASS" signature="ProjectBaseClass()[pri:0, instance:Test.FacebookTest@210366b4]" name="ProjectBaseClass" is-config="true" duration-ms="10" started-at="2021-02-01T21:03:32Z" finished-at="2021-02-01T21:03:32Z">
          <reporter-output>
          </reporter-output>
        </test-method> <!-- ProjectBaseClass -->
        <test-method status="FAIL" signature="SetupTest()[pri:0, instance:Test.FacebookTest@210366b4]" name="SetupTest" is-config="true" duration-ms="0" started-at="2021-02-01T21:03:34Z" finished-at="2021-02-01T21:03:34Z">
          <exception class="org.openqa.selenium.WebDriverException">
            <message>
              <![CDATA[unknown error: net::ERR_INTERNET_DISCONNECTED
  (Session info: chrome=88.0.4324.104)
Build info: version: '3.14.0', revision: 'aacccce0', time: '2018-08-02T20:19:58.91Z'
System info: host: 'HP_WHITEPEARL', ip: '127.0.0.1', os.name: 'Windows 8.1', os.arch: 'amd64', os.version: '6.3', java.version: '1.8.0_201'
Driver info: org.openqa.selenium.chrome.ChromeDriver
Capabilities {acceptInsecureCerts: false, browserName: chrome, browserVersion: 88.0.4324.104, chrome: {chromedriverVersion: 88.0.4324.27 (6347fe8bf1e48..., userDataDir: C:\WINDOWS\TEMP\scoped_dir6...}, goog:chromeOptions: {debuggerAddress: localhost:57314}, javascriptEnabled: true, networkConnectionEnabled: false, pageLoadStrategy: normal, platform: WINDOWS, platformName: WINDOWS, proxy: Proxy(), setWindowRect: true, strictFileInteractability: false, timeouts: {implicit: 0, pageLoad: 300000, script: 30000}, unhandledPromptBehavior: dismiss and notify, webauthn:extension:largeBlob: true, webauthn:virtualAuthenticators: true}
Session ID: 0f1df18d3f268ada0da8c97fe7c2cfb8]]>
            </message>
            <full-stacktrace>
              <![CDATA[org.openqa.selenium.WebDriverException: unknown error: net::ERR_INTERNET_DISCONNECTED
  (Session info: chrome=88.0.4324.104)
Build info: version: '3.14.0', revision: 'aacccce0', time: '2018-08-02T20:19:58.91Z'
System info: host: 'HP_WHITEPEARL', ip: '127.0.0.1', os.name: 'Windows 8.1', os.arch: 'amd64', os.version: '6.3', java.version: '1.8.0_201'
Driver info: org.openqa.selenium.chrome.ChromeDriver
Capabilities {acceptInsecureCerts: false, browserName: chrome, browserVersion: 88.0.4324.104, chrome: {chromedriverVersion: 88.0.4324.27 (6347fe8bf1e48..., userDataDir: C:\WINDOWS\TEMP\scoped_dir6...}, goog:chromeOptions: {debuggerAddress: localhost:57314}, javascriptEnabled: true, networkConnectionEnabled: false, pageLoadStrategy: normal, platform: WINDOWS, platformName: WINDOWS, proxy: Proxy(), setWindowRect: true, strictFileInteractability: false, timeouts: {implicit: 0, pageLoad: 300000, script: 30000}, unhandledPromptBehavior: dismiss and notify, webauthn:extension:largeBlob: true, webauthn:virtualAuthenticators: true}
Session ID: 0f1df18d3f268ada0da8c97fe7c2cfb8
	at sun.reflect.NativeConstructorAccessorImpl.newInstance0(Native Method)
	at sun.reflect.NativeConstructorAccessorImpl.newInstance(NativeConstructorAccessorImpl.java:62)
	at sun.reflect.DelegatingConstructorAccessorImpl.newInstance(DelegatingConstructorAccessorImpl.java:45)
	at java.lang.reflect.Constructor.newInstance(Constructor.java:423)
	at org.openqa.selenium.remote.http.W3CHttpResponseCodec.createException(W3CHttpResponseCodec.java:187)
	at org.openqa.selenium.remote.http.W3CHttpResponseCodec.decode(W3CHttpResponseCodec.java:122)
	at org.openqa.selenium.remote.http.W3CHttpResponseCodec.decode(W3CHttpResponseCodec.java:49)
	at org.openqa.selenium.remote.HttpCommandExecutor.execute(HttpCommandExecutor.java:158)
	at org.openqa.selenium.remote.service.DriverCommandExecutor.execute(DriverCommandExecutor.java:83)
	at org.openqa.selenium.remote.RemoteWebDriver.execute(RemoteWebDriver.java:548)
	at org.openqa.selenium.remote.RemoteWebDriver.get(RemoteWebDriver.java:276)
	at Pages.BaseClass.SetupTest(BaseClass.java:75)
	at sun.reflect.NativeMethodAccessorImpl.invoke0(Native Method)
	at sun.reflect.NativeMethodAccessorImpl.invoke(NativeMethodAccessorImpl.java:62)
	at sun.reflect.DelegatingMethodAccessorImpl.invoke(DelegatingMethodAccessorImpl.java:43)
	at java.lang.reflect.Method.invoke(Method.java:498)
	at org.testng.internal.MethodInvocationHelper.invokeMethod(MethodInvocationHelper.java:85)
	at org.testng.internal.Invoker.invokeConfigurationMethod(Invoker.java:510)
	at org.testng.internal.Invoker.invokeConfigurations(Invoker.java:211)
	at org.testng.internal.Invoker.invokeMethod(Invoker.java:585)
	at org.testng.internal.Invoker.invokeTestMethod(Invoker.java:816)
	at org.testng.internal.Invoker.invokeTestMethods(Invoker.java:1124)
	at org.testng.internal.TestMethodWorker.invokeTestMethods(TestMethodWorker.java:125)
	at org.testng.internal.TestMethodWorker.run(TestMethodWorker.java:108)
	at org.testng.TestRunner.privateRun(TestRunner.java:774)
	at org.testng.TestRunner.run(TestRunner.java:624)
	at org.testng.SuiteRunner.runTest(SuiteRunner.java:359)
	at org.testng.SuiteRunner.runSequentially(SuiteRunner.java:354)
	at org.testng.SuiteRunner.privateRun(SuiteRunner.java:312)
	at org.testng.SuiteRunner.run(SuiteRunner.java:261)
	at org.testng.SuiteRunnerWorker.runSuite(SuiteRunnerWorker.java:52)
	at org.testng.SuiteRunnerWorker.run(SuiteRunnerWorker.java:86)
	at org.testng.TestNG.runSuitesSequentially(TestNG.java:1191)
	at org.testng.TestNG.runSuitesLocally(TestNG.java:1116)
	at org.testng.TestNG.run(TestNG.java:1024)
	at org.apache.maven.surefire.testng.TestNGExecutor.run(TestNGExecutor.java:77)
	at org.apache.maven.surefire.testng.TestNGDirectoryTestSuite.executeMulti(TestNGDirectoryTestSuite.java:159)
	at org.apache.maven.surefire.testng.TestNGDirectoryTestSuite.execute(TestNGDirectoryTestSuite.java:99)
	at org.apache.maven.surefire.testng.TestNGProvider.invoke(TestNGProvider.java:106)
	at sun.reflect.NativeMethodAccessorImpl.invoke0(Native Method)
	at sun.reflect.NativeMethodAccessorImpl.invoke(NativeMethodAccessorImpl.java:62)
	at sun.reflect.DelegatingMethodAccessorImpl.invoke(DelegatingMethodAccessorImpl.java:43)
	at java.lang.reflect.Method.invoke(Method.java:498)
	at org.apache.maven.surefire.util.ReflectionUtils.invokeMethodWithArray(ReflectionUtils.java:189)
	at org.apache.maven.surefire.booter.ProviderFactory$ProviderProxy.invoke(ProviderFactory.java:165)
	at org.apache.maven.surefire.booter.ProviderFactory.invokeProvider(ProviderFactory.java:85)
	at org.apache.maven.surefire.booter.ForkedBooter.runSuitesInProcess(ForkedBooter.java:115)
	at org.apache.maven.surefire.booter.ForkedBooter.main(ForkedBooter.java:75)
]]>
            </full-stacktrace>
          </exception> <!-- org.openqa.selenium.WebDriverException -->
          <reporter-output>
          </reporter-output>
        </test-method> <!-- SetupTest -->
        <test-method status="SKIP" signature="loginToFacebook(java.lang.String, java.lang.String)[pri:0, instance:Test.FacebookTest@210366b4]" name="loginToFacebook" duration-ms="1" started-at="2021-02-01T21:03:47Z" data-provider="TestDataFromExcel" finished-at="2021-02-01T21:03:47Z">
          <params>
            <param index="0">
              <value>
                <![CDATA[Happy]]>
              </value>
            </param>
            <param index="1">
              <value>
                <![CDATA[Birthday]]>
              </value>
            </param>
          </params>
          <reporter-output>
          </reporter-output>
        </test-method> <!-- loginToFacebook -->
        <test-method status="SKIP" signature="tearDownDriver()[pri:0, instance:Test.FacebookTest@210366b4]" name="tearDownDriver" is-config="true" duration-ms="0" started-at="2021-02-01T21:03:47Z" finished-at="2021-02-01T21:03:47Z">
          <reporter-output>
          </reporter-output>
        </test-method> <!-- tearDownDriver -->
      </class> <!-- Test.FacebookTest -->
      <class name="Test.ForgetPasswordTest">
        <test-method status="SKIP" signature="ForgetPassword(java.lang.String)[pri:0, instance:Test.ForgetPasswordTest@eec5a4a]" name="ForgetPassword" duration-ms="0" started-at="2021-02-01T21:03:47Z" data-provider="TestDataFromExcel" finished-at="2021-02-01T21:03:47Z">
          <params>
            <param index="0">
              <value>
                <![CDATA[8.233009425E9]]>
              </value>
            </param>
          </params>
          <reporter-output>
          </reporter-output>
        </test-method> <!-- ForgetPassword -->
        <test-method status="SKIP" signature="tearDownDriver()[pri:0, instance:Test.ForgetPasswordTest@eec5a4a]" name="tearDownDriver" is-config="true" duration-ms="0" started-at="2021-02-01T21:03:47Z" finished-at="2021-02-01T21:03:47Z">
          <reporter-output>
          </reporter-output>
        </test-method> <!-- tearDownDriver -->
        <test-method status="SKIP" signature="SetupTest()[pri:0, instance:Test.ForgetPasswordTest@eec5a4a]" name="SetupTest" is-config="true" duration-ms="0" started-at="2021-02-01T21:03:47Z" finished-at="2021-02-01T21:03:47Z">
          <reporter-output>
          </reporter-output>
        </test-method> <!-- SetupTest -->
      </class> <!-- Test.ForgetPasswordTest -->
    </test> <!-- Command line test -->
  </suite> <!-- Command line suite -->
</testng-results>
