<?xml version="1.0" encoding="UTF-8"?>
<!-- Generated by org.testng.reporters.JUnitXMLReporter -->
<testsuite hostname="HP_WhitePearl" name="TestParallel" tests="2" failures="0" timestamp="19 Jan 2021 18:35:50 GMT" time="23.757" errors="0">
  <testcase name="loginToFacebook on Test.FacebookTest@4f7d0008" time="4.578" classname="Test.FacebookTest"/>
  <testcase name="ForgetPassword on Test.ForgetPasswordTest@271053e1" time="12.426" classname="Test.ForgetPasswordTest"/>
</testsuite> <!-- TestParallel -->
