<?xml version="1.0" encoding="UTF-8"?>
<!-- Generated by org.testng.reporters.JUnitXMLReporter -->
<testsuite hostname="HP_WhitePearl" name="TestParallel" tests="2" failures="0" timestamp="14 Jan 2020 23:55:49 GMT" time="73.58" errors="0">
  <testcase name="ForgetPassword on Test.ForgetPasswordTest@271053e1" time="9.427" classname="Test.ForgetPasswordTest"/>
  <testcase name="loginToFacebook on Test.FacebookTest@4f7d0008" time="38.176" classname="Test.FacebookTest"/>
</testsuite> <!-- TestParallel -->
